<?xml version="1.0" encoding="UTF-8"?>
<!-- Generated by org.testng.reporters.JUnitReportReporter -->
<testsuite skipped="0" hostname="MUMSDALVI" name="org.automation.testcases.TC_002_Creating_New_Hire_Altres" tests="1" failures="0" timestamp="09 Sep 2020 11:49:58 GMT" time="17.769" errors="0">
  <testcase name="setCustomConfig" time="17.769" classname="org.automation.testcases.TC_002_Creating_New_Hire_Altres"/>
</testsuite> <!-- org.automation.testcases.TC_002_Creating_New_Hire_Altres -->
