<?xml version="1.0" encoding="UTF-8"?>
<!-- Generated by org.testng.reporters.JUnitReportReporter -->
<testsuite skipped="0" hostname="MUMSDALVI" name="org.automation.testcases.TC_002_Vaidate_QH_Config_Screen" tests="1" failures="0" timestamp="10 Sep 2020 07:42:36 GMT" time="23.700" errors="0">
  <testcase name="setCustomConfig" time="23.700" classname="org.automation.testcases.TC_002_Vaidate_QH_Config_Screen"/>
</testsuite> <!-- org.automation.testcases.TC_002_Vaidate_QH_Config_Screen -->
