<?xml version="1.0" encoding="UTF-8"?>
<!-- Generated by org.testng.reporters.JUnitReportReporter -->
<testsuite skipped="0" hostname="MUMSDALVI" name="org.automation.testcases.TC_003_Validate_filters_displayed_when_no_records" tests="1" failures="0" timestamp="30 Oct 2020 10:32:35 GMT" time="15.718" errors="0">
  <testcase name="FirstTest" time="15.718" classname="org.automation.testcases.TC_003_Validate_filters_displayed_when_no_records"/>
</testsuite> <!-- org.automation.testcases.TC_003_Validate_filters_displayed_when_no_records -->
