<?xml version="1.0" encoding="UTF-8"?>
<!-- Generated by org.testng.reporters.JUnitReportReporter -->
<testsuite skipped="0" hostname="MUMSDALVI" name="org.automation.testcases.TC_004_Validate_Select_Customer_when_no_customers_in_list" tests="1" failures="0" timestamp="17 Nov 2020 05:49:53 GMT" time="21.393" errors="0">
  <testcase name="validateSelectCustomerScreen" time="21.393" classname="org.automation.testcases.TC_004_Validate_Select_Customer_when_no_customers_in_list"/>
</testsuite> <!-- org.automation.testcases.TC_004_Validate_Select_Customer_when_no_customers_in_list -->
