<?xml version="1.0" encoding="UTF-8"?>
<!-- Generated by org.testng.reporters.JUnitReportReporter -->
<testsuite skipped="0" hostname="MUMSDALVI" name="org.automation.testcases.TC_002_Validate_Creating_New_Hire_Altres" tests="1" failures="0" timestamp="22 Nov 2020 08:25:53 GMT" time="65.057" errors="0">
  <testcase name="setCustomConfig" time="65.057" classname="org.automation.testcases.TC_002_Validate_Creating_New_Hire_Altres"/>
</testsuite> <!-- org.automation.testcases.TC_002_Validate_Creating_New_Hire_Altres -->
