<?xml version="1.0" encoding="UTF-8"?>
<!-- Generated by org.testng.reporters.JUnitReportReporter -->
<testsuite skipped="0" hostname="LAPTOP-61ICLSF1" name="org.automation.testingworld.testcases.TC_001_Validate_Login" tests="2" failures="0" timestamp="29 Dec 2019 16:58:21 GMT" time="59.236" errors="0">
  <testcase name="execute" time="32.891" classname="org.automation.testingworld.testcases.TC_001_Validate_Login"/>
  <testcase name="execute" time="26.345" classname="org.automation.testingworld.testcases.TC_001_Validate_Login"/>
</testsuite> <!-- org.automation.testingworld.testcases.TC_001_Validate_Login -->
