<?xml version="1.0" encoding="UTF-8"?>
<!-- Generated by org.testng.reporters.JUnitReportReporter -->
<testsuite skipped="0" hostname="MUMSDALVI" name="org.automation.testcases.TC_3" tests="1" failures="0" timestamp="27 Sep 2020 12:56:24 GMT" time="58.962" errors="0">
  <testcase name="setCustomConfig" time="58.962" classname="org.automation.testcases.TC_3"/>
</testsuite> <!-- org.automation.testcases.TC_3 -->
