<?xml version="1.0" encoding="UTF-8"?>
<!-- Generated by org.testng.reporters.JUnitReportReporter -->
<testsuite skipped="0" hostname="MUMSDALVI" name="org.automation.testcases.TC_003_Validate_filters_displayed_on_new_hire_list" tests="1" failures="0" timestamp="22 Nov 2020 08:25:53 GMT" time="15.846" errors="0">
  <testcase name="FiltersDisplay" time="15.846" classname="org.automation.testcases.TC_003_Validate_filters_displayed_on_new_hire_list"/>
</testsuite> <!-- org.automation.testcases.TC_003_Validate_filters_displayed_on_new_hire_list -->
