<?xml version="1.0" encoding="UTF-8"?>
<!-- Generated by org.testng.reporters.JUnitReportReporter -->
<testsuite skipped="0" hostname="MUMSDALVI" name="org.automation.testcases.TC3" tests="1" failures="0" timestamp="30 Oct 2020 09:12:19 GMT" time="20.030" errors="0">
  <testcase name="FirstTest" time="20.030" classname="org.automation.testcases.TC3"/>
</testsuite> <!-- org.automation.testcases.TC3 -->
